{"time":"2025-12-10T21:53:37+01:00","data":{"payload recebido":{"name":"asdf","avatar":"A","role":"asdf","phone":"123123123123","email":"caua.carvalho@outlook.com.br","services":["1"],"workDays":[1,2,3,4,5],"workHours":{"start":"09:00","end":"18:00"}}}}
{"time":"2025-12-10T21:53:37+01:00","data":{"type":"SUPABASE_REQUEST","method":"GET","url":"https://fwdavnjhrsqlqkmzgqxr.supabase.co/rest/v1/users?email=eq.caua.carvalho%40outlook.com.br&company_id=eq.23","body":[]}}
{"time":"2025-12-10T21:53:39+01:00","data":{"type":"SUPABASE_RESPONSE","status":200,"response_raw":"[{\"id\":15,\"company_id\":23,\"name\":\"Caua\",\"email\":\"caua.carvalho@outlook.com.br\",\"role\":\"admin\",\"phone\":\"12982614208\",\"avatar\":null,\"created_at\":\"2025-12-08T13:28:08.523021\",\"password\":\"$2y$10$HJV/hRcMdg2JapldcG/jk.vA6u7SEx4hAH/FTR5tEBrOOvuGSOIve\"}]","response_json":[{"id":15,"company_id":23,"name":"Caua","email":"caua.carvalho@outlook.com.br","role":"admin","phone":"12982614208","avatar":null,"created_at":"2025-12-08T13:28:08.523021","password":"$2y$10$HJV/hRcMdg2JapldcG/jk.vA6u7SEx4hAH/FTR5tEBrOOvuGSOIve"}],"curl_error":""}}
{"time":"2025-12-10T21:53:39+01:00","data":{"findByEmailAndCompany":{"status":200,"error":null,"data":[{"id":15,"company_id":23,"name":"Caua","email":"caua.carvalho@outlook.com.br","role":"admin","phone":"12982614208","avatar":null,"created_at":"2025-12-08T13:28:08.523021","password":"$2y$10$HJV/hRcMdg2JapldcG/jk.vA6u7SEx4hAH/FTR5tEBrOOvuGSOIve"}]}}}
{"time":"2025-12-10T21:53:39+01:00","data":"email já existe"}
{"time":"2025-12-10T21:53:53+01:00","data":{"payload recebido":{"name":"teste","avatar":"T","role":"cvasdf","phone":"123123123","email":"caua.carma033@gmail.com","services":["1"],"workDays":[1,2,3,4,5],"workHours":{"start":"09:00","end":"18:00"}}}}
{"time":"2025-12-10T21:53:53+01:00","data":{"type":"SUPABASE_REQUEST","method":"GET","url":"https://fwdavnjhrsqlqkmzgqxr.supabase.co/rest/v1/users?email=eq.caua.carma033%40gmail.com&company_id=eq.23","body":[]}}
{"time":"2025-12-10T21:53:53+01:00","data":{"type":"SUPABASE_RESPONSE","status":200,"response_raw":"[]","response_json":[],"curl_error":""}}
{"time":"2025-12-10T21:53:53+01:00","data":{"findByEmailAndCompany":{"status":200,"error":null,"data":[]}}}
{"time":"2025-12-10T21:53:53+01:00","data":{"insert user payload":{"name":"teste","email":"caua.carma033@gmail.com","phone":"123123123","company_id":23,"role":"employee","password":null,"status":"pending"}}}
{"time":"2025-12-10T21:53:53+01:00","data":{"type":"SUPABASE_REQUEST","method":"POST","url":"https://fwdavnjhrsqlqkmzgqxr.supabase.co/rest/v1/users","body":[{"name":"teste","email":"caua.carma033@gmail.com","phone":"123123123","company_id":23,"role":"employee","password":null,"status":"pending"}]}}
{"time":"2025-12-10T21:53:54+01:00","data":{"type":"SUPABASE_RESPONSE","status":400,"response_raw":"{\"code\":\"PGRST204\",\"details\":null,\"hint\":null,\"message\":\"Could not find the 'status' column of 'users' in the schema cache\"}","response_json":{"code":"PGRST204","details":null,"hint":null,"message":"Could not find the 'status' column of 'users' in the schema cache"},"curl_error":""}}
{"time":"2025-12-10T21:53:54+01:00","data":{"result insert user":{"status":400,"error":null,"data":{"code":"PGRST204","details":null,"hint":null,"message":"Could not find the 'status' column of 'users' in the schema cache"}}}}
{"time":"2025-12-10T21:53:54+01:00","data":"failed insert user"}
{"time":"2025-12-10T21:57:34+01:00","data":{"payload recebido":{"name":"Teste","email":"teste@example.com","phone":"1199999999"}}}
{"time":"2025-12-10T21:57:34+01:00","data":{"type":"SUPABASE_REQUEST","method":"GET","url":"https://fwdavnjhrsqlqkmzgqxr.supabase.co/rest/v1/users?email=eq.teste%40example.com&company_id=eq.1","body":[]}}
{"time":"2025-12-10T21:57:34+01:00","data":{"type":"SUPABASE_RESPONSE","status":200,"response_raw":"[]","response_json":[],"curl_error":""}}
{"time":"2025-12-10T21:57:34+01:00","data":{"findByEmailAndCompany":{"status":200,"error":null,"data":[]}}}
{"time":"2025-12-10T21:57:34+01:00","data":{"insert user payload":{"name":"Teste","email":"teste@example.com","phone":"1199999999","company_id":1,"role":"employee","password":null,"status":"pending"}}}
{"time":"2025-12-10T21:57:34+01:00","data":{"type":"SUPABASE_REQUEST","method":"POST","url":"https://fwdavnjhrsqlqkmzgqxr.supabase.co/rest/v1/users","body":[{"name":"Teste","email":"teste@example.com","phone":"1199999999","company_id":1,"role":"employee","password":null,"status":"pending"}]}}
{"time":"2025-12-10T21:57:35+01:00","data":{"type":"SUPABASE_RESPONSE","status":400,"response_raw":"{\"code\":\"PGRST204\",\"details\":null,\"hint\":null,\"message\":\"Could not find the 'status' column of 'users' in the schema cache\"}","response_json":{"code":"PGRST204","details":null,"hint":null,"message":"Could not find the 'status' column of 'users' in the schema cache"},"curl_error":""}}
{"time":"2025-12-10T21:57:35+01:00","data":{"result insert user":{"status":400,"error":null,"data":{"code":"PGRST204","details":null,"hint":null,"message":"Could not find the 'status' column of 'users' in the schema cache"}}}}
{"time":"2025-12-10T21:57:35+01:00","data":"failed insert user"}
{"time":"2025-12-10T22:00:37+01:00","data":{"payload recebido":{"name":"Teste","email":"teste@example.com","phone":"1199999999"}}}
{"time":"2025-12-10T22:00:37+01:00","data":{"type":"SUPABASE_REQUEST","method":"GET","url":"https://fwdavnjhrsqlqkmzgqxr.supabase.co/rest/v1/users?email=eq.teste%40example.com&company_id=eq.1","body":[]}}
{"time":"2025-12-10T22:00:38+01:00","data":{"type":"SUPABASE_RESPONSE","status":200,"response_raw":"[]","response_json":[],"curl_error":""}}
{"time":"2025-12-10T22:00:38+01:00","data":{"findByEmailAndCompany":{"status":200,"error":null,"data":[]}}}
{"time":"2025-12-10T22:00:38+01:00","data":{"insert user payload":{"name":"Teste","email":"teste@example.com","phone":"1199999999","company_id":1,"role":"employee","password":null,"status":"pending"}}}
{"time":"2025-12-10T22:00:38+01:00","data":{"type":"SUPABASE_REQUEST","method":"POST","url":"https://fwdavnjhrsqlqkmzgqxr.supabase.co/rest/v1/users","body":[{"name":"Teste","email":"teste@example.com","phone":"1199999999","company_id":1,"role":"employee","password":null,"status":"pending"}]}}
{"time":"2025-12-10T22:00:39+01:00","data":{"type":"SUPABASE_RESPONSE","status":201,"response_raw":"[{\"id\":37,\"company_id\":1,\"name\":\"Teste\",\"email\":\"teste@example.com\",\"role\":\"employee\",\"phone\":\"1199999999\",\"avatar\":null,\"created_at\":\"2025-12-10T21:02:09.679047\",\"password\":null,\"status\":\"pending\"}]","response_json":[{"id":37,"company_id":1,"name":"Teste","email":"teste@example.com","role":"employee","phone":"1199999999","avatar":null,"created_at":"2025-12-10T21:02:09.679047","password":null,"status":"pending"}],"curl_error":""}}
{"time":"2025-12-10T22:00:39+01:00","data":{"result insert user":{"status":201,"error":null,"data":[{"id":37,"company_id":1,"name":"Teste","email":"teste@example.com","role":"employee","phone":"1199999999","avatar":null,"created_at":"2025-12-10T21:02:09.679047","password":null,"status":"pending"}]}}}
{"time":"2025-12-10T22:00:39+01:00","data":{"insert invite payload":{"user_id":37,"token":"d1456b156180e71f928b74e851521244becd757b00dd5a85ccaea9489e22b581","expires_at":"2025-12-12T22:00:39+01:00"}}}
{"time":"2025-12-10T22:00:39+01:00","data":{"type":"SUPABASE_REQUEST","method":"POST","url":"https://fwdavnjhrsqlqkmzgqxr.supabase.co/rest/v1/invites","body":[{"user_id":37,"token":"d1456b156180e71f928b74e851521244becd757b00dd5a85ccaea9489e22b581","expires_at":"2025-12-12T22:00:39+01:00"}]}}
{"time":"2025-12-10T22:00:39+01:00","data":{"type":"SUPABASE_RESPONSE","status":201,"response_raw":"[{\"id\":1,\"user_id\":37,\"token\":\"d1456b156180e71f928b74e851521244becd757b00dd5a85ccaea9489e22b581\",\"expires_at\":\"2025-12-12T21:00:39+00:00\",\"used_at\":null,\"created_at\":\"2025-12-10T21:02:10.233757+00:00\"}]","response_json":[{"id":1,"user_id":37,"token":"d1456b156180e71f928b74e851521244becd757b00dd5a85ccaea9489e22b581","expires_at":"2025-12-12T21:00:39+00:00","used_at":null,"created_at":"2025-12-10T21:02:10.233757+00:00"}],"curl_error":""}}
{"time":"2025-12-10T22:00:39+01:00","data":{"result insert invite":{"status":201,"error":null,"data":[{"id":1,"user_id":37,"token":"d1456b156180e71f928b74e851521244becd757b00dd5a85ccaea9489e22b581","expires_at":"2025-12-12T21:00:39+00:00","used_at":null,"created_at":"2025-12-10T21:02:10.233757+00:00"}]}}}
{"time":"2025-12-10T22:00:39+01:00","data":"FRONTEND_URL não definido"}
{"time":"2025-12-10T22:02:22+01:00","data":{"payload recebido":{"name":"Teste","email":"teste@example.com","phone":"1199999999"}}}
{"time":"2025-12-10T22:02:22+01:00","data":{"type":"SUPABASE_REQUEST","method":"GET","url":"https://fwdavnjhrsqlqkmzgqxr.supabase.co/rest/v1/users?email=eq.teste%40example.com&company_id=eq.1","body":[]}}
{"time":"2025-12-10T22:02:23+01:00","data":{"type":"SUPABASE_RESPONSE","status":200,"response_raw":"[{\"id\":37,\"company_id\":1,\"name\":\"Teste\",\"email\":\"teste@example.com\",\"role\":\"employee\",\"phone\":\"1199999999\",\"avatar\":null,\"created_at\":\"2025-12-10T21:02:09.679047\",\"password\":null,\"status\":\"pending\"}]","response_json":[{"id":37,"company_id":1,"name":"Teste","email":"teste@example.com","role":"employee","phone":"1199999999","avatar":null,"created_at":"2025-12-10T21:02:09.679047","password":null,"status":"pending"}],"curl_error":""}}
{"time":"2025-12-10T22:02:23+01:00","data":{"findByEmailAndCompany":{"status":200,"error":null,"data":[{"id":37,"company_id":1,"name":"Teste","email":"teste@example.com","role":"employee","phone":"1199999999","avatar":null,"created_at":"2025-12-10T21:02:09.679047","password":null,"status":"pending"}]}}}
{"time":"2025-12-10T22:02:23+01:00","data":"email já existe"}
{"time":"2025-12-10T22:02:44+01:00","data":{"payload recebido":{"name":"Teste","email":"caua.carma033@gmail.com","phone":"1298261420888"}}}
{"time":"2025-12-10T22:02:44+01:00","data":{"type":"SUPABASE_REQUEST","method":"GET","url":"https://fwdavnjhrsqlqkmzgqxr.supabase.co/rest/v1/users?email=eq.caua.carma033%40gmail.com&company_id=eq.1","body":[]}}
{"time":"2025-12-10T22:02:45+01:00","data":{"type":"SUPABASE_RESPONSE","status":200,"response_raw":"[]","response_json":[],"curl_error":""}}
{"time":"2025-12-10T22:02:45+01:00","data":{"findByEmailAndCompany":{"status":200,"error":null,"data":[]}}}
{"time":"2025-12-10T22:02:45+01:00","data":{"insert user payload":{"name":"Teste","email":"caua.carma033@gmail.com","phone":"1298261420888","company_id":1,"role":"employee","password":null,"status":"pending"}}}
{"time":"2025-12-10T22:02:45+01:00","data":{"type":"SUPABASE_REQUEST","method":"POST","url":"https://fwdavnjhrsqlqkmzgqxr.supabase.co/rest/v1/users","body":[{"name":"Teste","email":"caua.carma033@gmail.com","phone":"1298261420888","company_id":1,"role":"employee","password":null,"status":"pending"}]}}
{"time":"2025-12-10T22:02:45+01:00","data":{"type":"SUPABASE_RESPONSE","status":201,"response_raw":"[{\"id\":38,\"company_id\":1,\"name\":\"Teste\",\"email\":\"caua.carma033@gmail.com\",\"role\":\"employee\",\"phone\":\"1298261420888\",\"avatar\":null,\"created_at\":\"2025-12-10T21:04:16.114659\",\"password\":null,\"status\":\"pending\"}]","response_json":[{"id":38,"company_id":1,"name":"Teste","email":"caua.carma033@gmail.com","role":"employee","phone":"1298261420888","avatar":null,"created_at":"2025-12-10T21:04:16.114659","password":null,"status":"pending"}],"curl_error":""}}
{"time":"2025-12-10T22:02:45+01:00","data":{"result insert user":{"status":201,"error":null,"data":[{"id":38,"company_id":1,"name":"Teste","email":"caua.carma033@gmail.com","role":"employee","phone":"1298261420888","avatar":null,"created_at":"2025-12-10T21:04:16.114659","password":null,"status":"pending"}]}}}
{"time":"2025-12-10T22:02:45+01:00","data":{"insert invite payload":{"user_id":38,"token":"eb6232bce8a1251ac04099b3d3a30b88045664bc8f9bfb7a30ed461d1775bf0b","expires_at":"2025-12-12T22:02:45+01:00"}}}
{"time":"2025-12-10T22:02:45+01:00","data":{"type":"SUPABASE_REQUEST","method":"POST","url":"https://fwdavnjhrsqlqkmzgqxr.supabase.co/rest/v1/invites","body":[{"user_id":38,"token":"eb6232bce8a1251ac04099b3d3a30b88045664bc8f9bfb7a30ed461d1775bf0b","expires_at":"2025-12-12T22:02:45+01:00"}]}}
{"time":"2025-12-10T22:02:46+01:00","data":{"type":"SUPABASE_RESPONSE","status":201,"response_raw":"[{\"id\":2,\"user_id\":38,\"token\":\"eb6232bce8a1251ac04099b3d3a30b88045664bc8f9bfb7a30ed461d1775bf0b\",\"expires_at\":\"2025-12-12T21:02:45+00:00\",\"used_at\":null,\"created_at\":\"2025-12-10T21:04:16.567848+00:00\"}]","response_json":[{"id":2,"user_id":38,"token":"eb6232bce8a1251ac04099b3d3a30b88045664bc8f9bfb7a30ed461d1775bf0b","expires_at":"2025-12-12T21:02:45+00:00","used_at":null,"created_at":"2025-12-10T21:04:16.567848+00:00"}],"curl_error":""}}
{"time":"2025-12-10T22:02:46+01:00","data":{"result insert invite":{"status":201,"error":null,"data":[{"id":2,"user_id":38,"token":"eb6232bce8a1251ac04099b3d3a30b88045664bc8f9bfb7a30ed461d1775bf0b","expires_at":"2025-12-12T21:02:45+00:00","used_at":null,"created_at":"2025-12-10T21:04:16.567848+00:00"}]}}}
{"time":"2025-12-10T22:02:46+01:00","data":{"invite link":"http://localhost:8080//invite/eb6232bce8a1251ac04099b3d3a30b88045664bc8f9bfb7a30ed461d1775bf0b"}}
{"time":"2025-12-10T22:02:46+01:00","data":{"email enviado?":false}}
{"time":"2025-12-10T22:04:47+01:00","data":{"payload recebido":{"name":"Teste","email":"caua.carma033@gmail.com","phone":"1298261420888"}}}
{"time":"2025-12-10T22:04:47+01:00","data":{"type":"SUPABASE_REQUEST","method":"GET","url":"https://fwdavnjhrsqlqkmzgqxr.supabase.co/rest/v1/users?email=eq.caua.carma033%40gmail.com&company_id=eq.1","body":[]}}
{"time":"2025-12-10T22:04:48+01:00","data":{"type":"SUPABASE_RESPONSE","status":200,"response_raw":"[]","response_json":[],"curl_error":""}}
{"time":"2025-12-10T22:04:48+01:00","data":{"findByEmailAndCompany":{"status":200,"error":null,"data":[]}}}
{"time":"2025-12-10T22:04:48+01:00","data":{"insert user payload":{"name":"Teste","email":"caua.carma033@gmail.com","phone":"1298261420888","company_id":1,"role":"employee","password":null,"status":"pending"}}}
{"time":"2025-12-10T22:04:48+01:00","data":{"type":"SUPABASE_REQUEST","method":"POST","url":"https://fwdavnjhrsqlqkmzgqxr.supabase.co/rest/v1/users","body":[{"name":"Teste","email":"caua.carma033@gmail.com","phone":"1298261420888","company_id":1,"role":"employee","password":null,"status":"pending"}]}}
{"time":"2025-12-10T22:04:48+01:00","data":{"type":"SUPABASE_RESPONSE","status":201,"response_raw":"[{\"id\":39,\"company_id\":1,\"name\":\"Teste\",\"email\":\"caua.carma033@gmail.com\",\"role\":\"employee\",\"phone\":\"1298261420888\",\"avatar\":null,\"created_at\":\"2025-12-10T21:06:19.385878\",\"password\":null,\"status\":\"pending\"}]","response_json":[{"id":39,"company_id":1,"name":"Teste","email":"caua.carma033@gmail.com","role":"employee","phone":"1298261420888","avatar":null,"created_at":"2025-12-10T21:06:19.385878","password":null,"status":"pending"}],"curl_error":""}}
{"time":"2025-12-10T22:04:48+01:00","data":{"result insert user":{"status":201,"error":null,"data":[{"id":39,"company_id":1,"name":"Teste","email":"caua.carma033@gmail.com","role":"employee","phone":"1298261420888","avatar":null,"created_at":"2025-12-10T21:06:19.385878","password":null,"status":"pending"}]}}}
{"time":"2025-12-10T22:04:48+01:00","data":{"insert invite payload":{"user_id":39,"token":"8ce9d60da9eb0809a953e789c0e31d86ed78c4b0c153abc9a481a5f73706de5e","expires_at":"2025-12-12T22:04:48+01:00"}}}
{"time":"2025-12-10T22:04:48+01:00","data":{"type":"SUPABASE_REQUEST","method":"POST","url":"https://fwdavnjhrsqlqkmzgqxr.supabase.co/rest/v1/invites","body":[{"user_id":39,"token":"8ce9d60da9eb0809a953e789c0e31d86ed78c4b0c153abc9a481a5f73706de5e","expires_at":"2025-12-12T22:04:48+01:00"}]}}
{"time":"2025-12-10T22:04:49+01:00","data":{"type":"SUPABASE_RESPONSE","status":201,"response_raw":"[{\"id\":3,\"user_id\":39,\"token\":\"8ce9d60da9eb0809a953e789c0e31d86ed78c4b0c153abc9a481a5f73706de5e\",\"expires_at\":\"2025-12-12T21:04:48+00:00\",\"used_at\":null,\"created_at\":\"2025-12-10T21:06:19.838562+00:00\"}]","response_json":[{"id":3,"user_id":39,"token":"8ce9d60da9eb0809a953e789c0e31d86ed78c4b0c153abc9a481a5f73706de5e","expires_at":"2025-12-12T21:04:48+00:00","used_at":null,"created_at":"2025-12-10T21:06:19.838562+00:00"}],"curl_error":""}}
{"time":"2025-12-10T22:04:49+01:00","data":{"result insert invite":{"status":201,"error":null,"data":[{"id":3,"user_id":39,"token":"8ce9d60da9eb0809a953e789c0e31d86ed78c4b0c153abc9a481a5f73706de5e","expires_at":"2025-12-12T21:04:48+00:00","used_at":null,"created_at":"2025-12-10T21:06:19.838562+00:00"}]}}}
{"time":"2025-12-10T22:04:49+01:00","data":{"invite link":"http://localhost:8080//invite/8ce9d60da9eb0809a953e789c0e31d86ed78c4b0c153abc9a481a5f73706de5e"}}
{"time":"2025-12-10T22:04:53+01:00","data":{"email enviado?":true}}
{"time":"2025-12-10T22:06:30+01:00","data":{"type":"SUPABASE_REQUEST","method":"GET","url":"https://fwdavnjhrsqlqkmzgqxr.supabase.co/rest/v1/users?phone=eq.12982614208","body":[]}}
{"time":"2025-12-10T22:06:31+01:00","data":{"type":"SUPABASE_RESPONSE","status":200,"response_raw":"[{\"id\":15,\"company_id\":23,\"name\":\"Caua\",\"email\":\"caua.carvalho@outlook.com.br\",\"role\":\"admin\",\"phone\":\"12982614208\",\"avatar\":null,\"created_at\":\"2025-12-08T13:28:08.523021\",\"password\":\"$2y$10$HJV/hRcMdg2JapldcG/jk.vA6u7SEx4hAH/FTR5tEBrOOvuGSOIve\",\"status\":\"pending\"}]","response_json":[{"id":15,"company_id":23,"name":"Caua","email":"caua.carvalho@outlook.com.br","role":"admin","phone":"12982614208","avatar":null,"created_at":"2025-12-08T13:28:08.523021","password":"$2y$10$HJV/hRcMdg2JapldcG/jk.vA6u7SEx4hAH/FTR5tEBrOOvuGSOIve","status":"pending"}],"curl_error":""}}
{"time":"2025-12-10T22:08:09+01:00","data":{"payload recebido":{"name":"Teste","email":"caua.carma033@gmail.com","phone":"1298261420888"}}}
{"time":"2025-12-10T22:08:09+01:00","data":{"type":"SUPABASE_REQUEST","method":"GET","url":"https://fwdavnjhrsqlqkmzgqxr.supabase.co/rest/v1/users?email=eq.caua.carma033%40gmail.com&company_id=eq.1","body":[]}}
{"time":"2025-12-10T22:08:10+01:00","data":{"type":"SUPABASE_RESPONSE","status":200,"response_raw":"[]","response_json":[],"curl_error":""}}
{"time":"2025-12-10T22:08:10+01:00","data":{"findByEmailAndCompany":{"status":200,"error":null,"data":[]}}}
{"time":"2025-12-10T22:08:10+01:00","data":{"insert user payload":{"name":"Teste","email":"caua.carma033@gmail.com","phone":"1298261420888","company_id":1,"role":"employee","password":null,"status":"pending"}}}
{"time":"2025-12-10T22:08:10+01:00","data":{"type":"SUPABASE_REQUEST","method":"POST","url":"https://fwdavnjhrsqlqkmzgqxr.supabase.co/rest/v1/users","body":[{"name":"Teste","email":"caua.carma033@gmail.com","phone":"1298261420888","company_id":1,"role":"employee","password":null,"status":"pending"}]}}
{"time":"2025-12-10T22:08:10+01:00","data":{"type":"SUPABASE_RESPONSE","status":201,"response_raw":"[{\"id\":40,\"company_id\":1,\"name\":\"Teste\",\"email\":\"caua.carma033@gmail.com\",\"role\":\"employee\",\"phone\":\"1298261420888\",\"avatar\":null,\"created_at\":\"2025-12-10T21:09:41.322294\",\"password\":null,\"status\":\"pending\"}]","response_json":[{"id":40,"company_id":1,"name":"Teste","email":"caua.carma033@gmail.com","role":"employee","phone":"1298261420888","avatar":null,"created_at":"2025-12-10T21:09:41.322294","password":null,"status":"pending"}],"curl_error":""}}
{"time":"2025-12-10T22:08:10+01:00","data":{"result insert user":{"status":201,"error":null,"data":[{"id":40,"company_id":1,"name":"Teste","email":"caua.carma033@gmail.com","role":"employee","phone":"1298261420888","avatar":null,"created_at":"2025-12-10T21:09:41.322294","password":null,"status":"pending"}]}}}
{"time":"2025-12-10T22:08:10+01:00","data":{"insert invite payload":{"user_id":40,"token":"037d09c06451ce777dbc64466ad2722e3ece3bae97e795efc17c0b47f5103d68","expires_at":"2025-12-12T22:08:10+01:00"}}}
{"time":"2025-12-10T22:08:10+01:00","data":{"type":"SUPABASE_REQUEST","method":"POST","url":"https://fwdavnjhrsqlqkmzgqxr.supabase.co/rest/v1/invites","body":[{"user_id":40,"token":"037d09c06451ce777dbc64466ad2722e3ece3bae97e795efc17c0b47f5103d68","expires_at":"2025-12-12T22:08:10+01:00"}]}}
{"time":"2025-12-10T22:08:11+01:00","data":{"type":"SUPABASE_RESPONSE","status":201,"response_raw":"[{\"id\":4,\"user_id\":40,\"token\":\"037d09c06451ce777dbc64466ad2722e3ece3bae97e795efc17c0b47f5103d68\",\"expires_at\":\"2025-12-12T21:08:10+00:00\",\"used_at\":null,\"created_at\":\"2025-12-10T21:09:41.777307+00:00\"}]","response_json":[{"id":4,"user_id":40,"token":"037d09c06451ce777dbc64466ad2722e3ece3bae97e795efc17c0b47f5103d68","expires_at":"2025-12-12T21:08:10+00:00","used_at":null,"created_at":"2025-12-10T21:09:41.777307+00:00"}],"curl_error":""}}
{"time":"2025-12-10T22:08:11+01:00","data":{"result insert invite":{"status":201,"error":null,"data":[{"id":4,"user_id":40,"token":"037d09c06451ce777dbc64466ad2722e3ece3bae97e795efc17c0b47f5103d68","expires_at":"2025-12-12T21:08:10+00:00","used_at":null,"created_at":"2025-12-10T21:09:41.777307+00:00"}]}}}
{"time":"2025-12-10T22:08:11+01:00","data":{"invite link":"http://localhost:8080//invite/037d09c06451ce777dbc64466ad2722e3ece3bae97e795efc17c0b47f5103d68"}}
{"time":"2025-12-10T22:08:15+01:00","data":{"email enviado?":true}}
{"time":"2025-12-10T22:10:34+01:00","data":{"payload recebido":{"name":"Teste","email":"caua.carma033@gmail.com","phone":"1298261420888"}}}
{"time":"2025-12-10T22:10:34+01:00","data":{"type":"SUPABASE_REQUEST","method":"GET","url":"https://fwdavnjhrsqlqkmzgqxr.supabase.co/rest/v1/users?email=eq.caua.carma033%40gmail.com&company_id=eq.1","body":[]}}
{"time":"2025-12-10T22:10:35+01:00","data":{"type":"SUPABASE_RESPONSE","status":200,"response_raw":"[]","response_json":[],"curl_error":""}}
{"time":"2025-12-10T22:10:35+01:00","data":{"findByEmailAndCompany":{"status":200,"error":null,"data":[]}}}
{"time":"2025-12-10T22:10:35+01:00","data":{"insert user payload":{"name":"Teste","email":"caua.carma033@gmail.com","phone":"1298261420888","company_id":1,"role":"employee","password":null,"status":"pending"}}}
{"time":"2025-12-10T22:10:35+01:00","data":{"type":"SUPABASE_REQUEST","method":"POST","url":"https://fwdavnjhrsqlqkmzgqxr.supabase.co/rest/v1/users","body":[{"name":"Teste","email":"caua.carma033@gmail.com","phone":"1298261420888","company_id":1,"role":"employee","password":null,"status":"pending"}]}}
{"time":"2025-12-10T22:10:35+01:00","data":{"type":"SUPABASE_RESPONSE","status":201,"response_raw":"[{\"id\":41,\"company_id\":1,\"name\":\"Teste\",\"email\":\"caua.carma033@gmail.com\",\"role\":\"employee\",\"phone\":\"1298261420888\",\"avatar\":null,\"created_at\":\"2025-12-10T21:12:06.249715\",\"password\":null,\"status\":\"pending\"}]","response_json":[{"id":41,"company_id":1,"name":"Teste","email":"caua.carma033@gmail.com","role":"employee","phone":"1298261420888","avatar":null,"created_at":"2025-12-10T21:12:06.249715","password":null,"status":"pending"}],"curl_error":""}}
{"time":"2025-12-10T22:10:35+01:00","data":{"result insert user":{"status":201,"error":null,"data":[{"id":41,"company_id":1,"name":"Teste","email":"caua.carma033@gmail.com","role":"employee","phone":"1298261420888","avatar":null,"created_at":"2025-12-10T21:12:06.249715","password":null,"status":"pending"}]}}}
{"time":"2025-12-10T22:10:35+01:00","data":{"insert invite payload":{"user_id":41,"token":"e96bd1501bad415f1b5f5d6197bc5d02eeb2cb9bd8ae2f9c586153669e4187b4","expires_at":"2025-12-12T22:10:35+01:00"}}}
{"time":"2025-12-10T22:10:35+01:00","data":{"type":"SUPABASE_REQUEST","method":"POST","url":"https://fwdavnjhrsqlqkmzgqxr.supabase.co/rest/v1/invites","body":[{"user_id":41,"token":"e96bd1501bad415f1b5f5d6197bc5d02eeb2cb9bd8ae2f9c586153669e4187b4","expires_at":"2025-12-12T22:10:35+01:00"}]}}
{"time":"2025-12-10T22:10:36+01:00","data":{"type":"SUPABASE_RESPONSE","status":201,"response_raw":"[{\"id\":5,\"user_id\":41,\"token\":\"e96bd1501bad415f1b5f5d6197bc5d02eeb2cb9bd8ae2f9c586153669e4187b4\",\"expires_at\":\"2025-12-12T21:10:35+00:00\",\"used_at\":null,\"created_at\":\"2025-12-10T21:12:06.710641+00:00\"}]","response_json":[{"id":5,"user_id":41,"token":"e96bd1501bad415f1b5f5d6197bc5d02eeb2cb9bd8ae2f9c586153669e4187b4","expires_at":"2025-12-12T21:10:35+00:00","used_at":null,"created_at":"2025-12-10T21:12:06.710641+00:00"}],"curl_error":""}}
{"time":"2025-12-10T22:10:36+01:00","data":{"result insert invite":{"status":201,"error":null,"data":[{"id":5,"user_id":41,"token":"e96bd1501bad415f1b5f5d6197bc5d02eeb2cb9bd8ae2f9c586153669e4187b4","expires_at":"2025-12-12T21:10:35+00:00","used_at":null,"created_at":"2025-12-10T21:12:06.710641+00:00"}]}}}
{"time":"2025-12-10T22:10:36+01:00","data":{"invite link":"http://localhost:8080//invite/e96bd1501bad415f1b5f5d6197bc5d02eeb2cb9bd8ae2f9c586153669e4187b4"}}
{"time":"2025-12-10T22:10:40+01:00","data":{"email enviado?":true}}
{"time":"2025-12-10T22:22:26+01:00","data":{"payload recebido":{"name":"Gustavo Alves","email":"gustavoxzbusiness@gmail.com","phone":"1298261420888"}}}
{"time":"2025-12-10T22:22:26+01:00","data":{"type":"SUPABASE_REQUEST","method":"GET","url":"https://fwdavnjhrsqlqkmzgqxr.supabase.co/rest/v1/users?email=eq.gustavoxzbusiness%40gmail.com&company_id=eq.1","body":[]}}
{"time":"2025-12-10T22:22:28+01:00","data":{"type":"SUPABASE_RESPONSE","status":200,"response_raw":"[]","response_json":[],"curl_error":""}}
{"time":"2025-12-10T22:22:28+01:00","data":{"findByEmailAndCompany":{"status":200,"error":null,"data":[]}}}
{"time":"2025-12-10T22:22:28+01:00","data":{"insert user payload":{"name":"Gustavo Alves","email":"gustavoxzbusiness@gmail.com","phone":"1298261420888","company_id":1,"role":"employee","password":null,"status":"pending"}}}
{"time":"2025-12-10T22:22:28+01:00","data":{"type":"SUPABASE_REQUEST","method":"POST","url":"https://fwdavnjhrsqlqkmzgqxr.supabase.co/rest/v1/users","body":[{"name":"Gustavo Alves","email":"gustavoxzbusiness@gmail.com","phone":"1298261420888","company_id":1,"role":"employee","password":null,"status":"pending"}]}}
{"time":"2025-12-10T22:22:28+01:00","data":{"type":"SUPABASE_RESPONSE","status":409,"response_raw":"{\"code\":\"23505\",\"details\":\"Key (phone)=(1298261420888) already exists.\",\"hint\":null,\"message\":\"duplicate key value violates unique constraint \\\"users_phone_key\\\"\"}","response_json":{"code":"23505","details":"Key (phone)=(1298261420888) already exists.","hint":null,"message":"duplicate key value violates unique constraint \"users_phone_key\""},"curl_error":""}}
{"time":"2025-12-10T22:22:28+01:00","data":{"result insert user":{"status":409,"error":null,"data":{"code":"23505","details":"Key (phone)=(1298261420888) already exists.","hint":null,"message":"duplicate key value violates unique constraint \"users_phone_key\""}}}}
{"time":"2025-12-10T22:22:28+01:00","data":"failed insert user"}
{"time":"2025-12-10T22:22:53+01:00","data":{"payload recebido":{"name":"Gustavo Alves","email":"gustavoxzbusiness@gmail.com","phone":"1298261420888"}}}
{"time":"2025-12-10T22:22:53+01:00","data":{"type":"SUPABASE_REQUEST","method":"GET","url":"https://fwdavnjhrsqlqkmzgqxr.supabase.co/rest/v1/users?email=eq.gustavoxzbusiness%40gmail.com&company_id=eq.1","body":[]}}
{"time":"2025-12-10T22:22:53+01:00","data":{"type":"SUPABASE_RESPONSE","status":200,"response_raw":"[]","response_json":[],"curl_error":""}}
{"time":"2025-12-10T22:22:53+01:00","data":{"findByEmailAndCompany":{"status":200,"error":null,"data":[]}}}
{"time":"2025-12-10T22:22:53+01:00","data":{"insert user payload":{"name":"Gustavo Alves","email":"gustavoxzbusiness@gmail.com","phone":"1298261420888","company_id":1,"role":"employee","password":null,"status":"pending"}}}
{"time":"2025-12-10T22:22:53+01:00","data":{"type":"SUPABASE_REQUEST","method":"POST","url":"https://fwdavnjhrsqlqkmzgqxr.supabase.co/rest/v1/users","body":[{"name":"Gustavo Alves","email":"gustavoxzbusiness@gmail.com","phone":"1298261420888","company_id":1,"role":"employee","password":null,"status":"pending"}]}}
{"time":"2025-12-10T22:22:54+01:00","data":{"type":"SUPABASE_RESPONSE","status":201,"response_raw":"[{\"id\":43,\"company_id\":1,\"name\":\"Gustavo Alves\",\"email\":\"gustavoxzbusiness@gmail.com\",\"role\":\"employee\",\"phone\":\"1298261420888\",\"avatar\":null,\"created_at\":\"2025-12-10T21:24:24.642629\",\"password\":null,\"status\":\"pending\"}]","response_json":[{"id":43,"company_id":1,"name":"Gustavo Alves","email":"gustavoxzbusiness@gmail.com","role":"employee","phone":"1298261420888","avatar":null,"created_at":"2025-12-10T21:24:24.642629","password":null,"status":"pending"}],"curl_error":""}}
{"time":"2025-12-10T22:22:54+01:00","data":{"result insert user":{"status":201,"error":null,"data":[{"id":43,"company_id":1,"name":"Gustavo Alves","email":"gustavoxzbusiness@gmail.com","role":"employee","phone":"1298261420888","avatar":null,"created_at":"2025-12-10T21:24:24.642629","password":null,"status":"pending"}]}}}
{"time":"2025-12-10T22:22:54+01:00","data":{"insert invite payload":{"user_id":43,"token":"acaf5cc12fe2c1427a56a6ea1146b4e2d4459392ebcec0eddd88a10601dc4a9e","expires_at":"2025-12-12T22:22:54+01:00"}}}
{"time":"2025-12-10T22:22:54+01:00","data":{"type":"SUPABASE_REQUEST","method":"POST","url":"https://fwdavnjhrsqlqkmzgqxr.supabase.co/rest/v1/invites","body":[{"user_id":43,"token":"acaf5cc12fe2c1427a56a6ea1146b4e2d4459392ebcec0eddd88a10601dc4a9e","expires_at":"2025-12-12T22:22:54+01:00"}]}}
{"time":"2025-12-10T22:22:54+01:00","data":{"type":"SUPABASE_RESPONSE","status":201,"response_raw":"[{\"id\":6,\"user_id\":43,\"token\":\"acaf5cc12fe2c1427a56a6ea1146b4e2d4459392ebcec0eddd88a10601dc4a9e\",\"expires_at\":\"2025-12-12T21:22:54+00:00\",\"used_at\":null,\"created_at\":\"2025-12-10T21:24:25.227044+00:00\"}]","response_json":[{"id":6,"user_id":43,"token":"acaf5cc12fe2c1427a56a6ea1146b4e2d4459392ebcec0eddd88a10601dc4a9e","expires_at":"2025-12-12T21:22:54+00:00","used_at":null,"created_at":"2025-12-10T21:24:25.227044+00:00"}],"curl_error":""}}
{"time":"2025-12-10T22:22:54+01:00","data":{"result insert invite":{"status":201,"error":null,"data":[{"id":6,"user_id":43,"token":"acaf5cc12fe2c1427a56a6ea1146b4e2d4459392ebcec0eddd88a10601dc4a9e","expires_at":"2025-12-12T21:22:54+00:00","used_at":null,"created_at":"2025-12-10T21:24:25.227044+00:00"}]}}}
{"time":"2025-12-10T22:22:54+01:00","data":{"invite link":"http://localhost:8080//invite/acaf5cc12fe2c1427a56a6ea1146b4e2d4459392ebcec0eddd88a10601dc4a9e"}}
{"time":"2025-12-10T22:22:58+01:00","data":{"email enviado?":true}}
{"time":"2025-12-10T22:26:58+01:00","data":{"payload recebido":{"name":"Caua Carvalho","avatar":"CC","role":"Barbeiro","phone":"129826142081","email":"caua.carma033@gmail.com","services":["1","2"],"workDays":[1,2,3,4,5],"workHours":{"start":"09:00","end":"18:00"}}}}
{"time":"2025-12-10T22:26:58+01:00","data":{"type":"SUPABASE_REQUEST","method":"GET","url":"https://fwdavnjhrsqlqkmzgqxr.supabase.co/rest/v1/users?email=eq.caua.carma033%40gmail.com&company_id=eq.23","body":[]}}
{"time":"2025-12-10T22:26:59+01:00","data":{"type":"SUPABASE_RESPONSE","status":200,"response_raw":"[]","response_json":[],"curl_error":""}}
{"time":"2025-12-10T22:26:59+01:00","data":{"findByEmailAndCompany":{"status":200,"error":null,"data":[]}}}
{"time":"2025-12-10T22:26:59+01:00","data":{"insert user payload":{"name":"Caua Carvalho","email":"caua.carma033@gmail.com","phone":"129826142081","company_id":23,"role":"employee","password":null,"status":"pending"}}}
{"time":"2025-12-10T22:26:59+01:00","data":{"type":"SUPABASE_REQUEST","method":"POST","url":"https://fwdavnjhrsqlqkmzgqxr.supabase.co/rest/v1/users","body":[{"name":"Caua Carvalho","email":"caua.carma033@gmail.com","phone":"129826142081","company_id":23,"role":"employee","password":null,"status":"pending"}]}}
{"time":"2025-12-10T22:27:00+01:00","data":{"type":"SUPABASE_RESPONSE","status":201,"response_raw":"[{\"id\":44,\"company_id\":23,\"name\":\"Caua Carvalho\",\"email\":\"caua.carma033@gmail.com\",\"role\":\"employee\",\"phone\":\"129826142081\",\"avatar\":null,\"created_at\":\"2025-12-10T21:28:30.543256\",\"password\":null,\"status\":\"pending\"}]","response_json":[{"id":44,"company_id":23,"name":"Caua Carvalho","email":"caua.carma033@gmail.com","role":"employee","phone":"129826142081","avatar":null,"created_at":"2025-12-10T21:28:30.543256","password":null,"status":"pending"}],"curl_error":""}}
{"time":"2025-12-10T22:27:00+01:00","data":{"result insert user":{"status":201,"error":null,"data":[{"id":44,"company_id":23,"name":"Caua Carvalho","email":"caua.carma033@gmail.com","role":"employee","phone":"129826142081","avatar":null,"created_at":"2025-12-10T21:28:30.543256","password":null,"status":"pending"}]}}}
{"time":"2025-12-10T22:27:00+01:00","data":{"insert invite payload":{"user_id":44,"token":"b030465acb8d105edcc80e05e52598425ebe09d23893634013897c5b4ee5fe29","expires_at":"2025-12-12T22:27:00+01:00"}}}
{"time":"2025-12-10T22:27:00+01:00","data":{"type":"SUPABASE_REQUEST","method":"POST","url":"https://fwdavnjhrsqlqkmzgqxr.supabase.co/rest/v1/invites","body":[{"user_id":44,"token":"b030465acb8d105edcc80e05e52598425ebe09d23893634013897c5b4ee5fe29","expires_at":"2025-12-12T22:27:00+01:00"}]}}
{"time":"2025-12-10T22:27:00+01:00","data":{"type":"SUPABASE_RESPONSE","status":201,"response_raw":"[{\"id\":7,\"user_id\":44,\"token\":\"b030465acb8d105edcc80e05e52598425ebe09d23893634013897c5b4ee5fe29\",\"expires_at\":\"2025-12-12T21:27:00+00:00\",\"used_at\":null,\"created_at\":\"2025-12-10T21:28:31.111485+00:00\"}]","response_json":[{"id":7,"user_id":44,"token":"b030465acb8d105edcc80e05e52598425ebe09d23893634013897c5b4ee5fe29","expires_at":"2025-12-12T21:27:00+00:00","used_at":null,"created_at":"2025-12-10T21:28:31.111485+00:00"}],"curl_error":""}}
{"time":"2025-12-10T22:27:00+01:00","data":{"result insert invite":{"status":201,"error":null,"data":[{"id":7,"user_id":44,"token":"b030465acb8d105edcc80e05e52598425ebe09d23893634013897c5b4ee5fe29","expires_at":"2025-12-12T21:27:00+00:00","used_at":null,"created_at":"2025-12-10T21:28:31.111485+00:00"}]}}}
{"time":"2025-12-10T22:27:00+01:00","data":{"invite link":"http://localhost:8080//invite/b030465acb8d105edcc80e05e52598425ebe09d23893634013897c5b4ee5fe29"}}
{"time":"2025-12-10T22:27:04+01:00","data":{"email enviado?":true}}
